# JRE version: Java(TM) SE Runtime Environment (8.0_65-b17) (build 1.8.0_65-b17)
# Java VM: Java HotSpot(TM) Client VM (25.65-b01 mixed mode, sharing windows-x86 )
Heap:
 def new generation   total 66496K, used 17752K [0x03800000, 0x08020000, 0x08d50000)
  eden space 59136K,  17% used [0x03800000, 0x042262a8, 0x071c0000)
  from space 7360K, 100% used [0x071c0000, 0x078f0000, 0x078f0000)
  to   space 7360K,   0% used [0x078f0000, 0x078f0000, 0x08020000)
 tenured generation   total 147640K, used 103916K [0x08d50000, 0x11d7e000, 0x13800000)
   the space 147640K,  70% used [0x08d50000, 0x0f2cb1b8, 0x0f2cb200, 0x11d7e000)
 Metaspace       used 2563K, capacity 3262K, committed 3392K, reserved 4480K
GC Heap History (10 events):
Event: 56.146 GC heap before
{Heap before GC invocations=38 (full 4):
 def new generation   total 39104K, used 39104K [0x03800000, 0x06260000, 0x08d50000)
  eden space 34816K, 100% used [0x03800000, 0x05a00000, 0x05a00000)
  from space 4288K, 100% used [0x05a00000, 0x05e30000, 0x05e30000)
  to   space 4288K,   0% used [0x05e30000, 0x05e30000, 0x06260000)
 tenured generation   total 86664K, used 70707K [0x08d50000, 0x0e1f2000, 0x13800000)
   the space 86664K,  81% used [0x08d50000, 0x0d25ceb8, 0x0d25d000, 0x0e1f2000)
 Metaspace       used 2561K, capacity 3262K, committed 3392K, reserved 4480K
Event: 56.221 GC heap after
Heap after GC invocations=39 (full 4):
 def new generation   total 39104K, used 4288K [0x03800000, 0x06260000, 0x08d50000)
  eden space 34816K,   0% used [0x03800000, 0x03800000, 0x05a00000)
  from space 4288K, 100% used [0x05e30000, 0x06260000, 0x06260000)
  to   space 4288K,   0% used [0x05a00000, 0x05a00000, 0x05e30000)
 tenured generation   total 86664K, used 76553K [0x08d50000, 0x0e1f2000, 0x13800000)
   the space 86664K,  88% used [0x08d50000, 0x0d8124b8, 0x0d812600, 0x0e1f2000)
 Metaspace       used 2561K, capacity 3262K, committed 3392K, reserved 4480K
}
Event: 60.708 GC heap before
{Heap before GC invocations=39 (full 4):
 def new generation   total 39104K, used 39104K [0x03800000, 0x06260000, 0x08d50000)
  eden space 34816K, 100% used [0x03800000, 0x05a00000, 0x05a00000)
  from space 4288K, 100% used [0x05e30000, 0x06260000, 0x06260000)
  to   space 4288K,   0% used [0x05a00000, 0x05a00000, 0x05e30000)
 tenured generation   total 86664K, used 76553K [0x08d50000, 0x0e1f2000, 0x13800000)
   the space 86664K,  88% used [0x08d50000, 0x0d8124b8, 0x0d812600, 0x0e1f2000)
 Metaspace       used 2561K, capacity 3262K, committed 3392K, reserved 4480K
Event: 60.787 GC heap after
Heap after GC invocations=40 (full 4):
 def new generation   total 39104K, used 4288K [0x03800000, 0x06260000, 0x08d50000)
  eden space 34816K,   0% used [0x03800000, 0x03800000, 0x05a00000)
  from space 4288K, 100% used [0x05a00000, 0x05e30000, 0x05e30000)
  to   space 4288K,   0% used [0x05e30000, 0x05e30000, 0x06260000)
 tenured generation   total 86664K, used 82602K [0x08d50000, 0x0e1f2000, 0x13800000)
   the space 86664K,  95% used [0x08d50000, 0x0ddfaa58, 0x0ddfac00, 0x0e1f2000)
 Metaspace       used 2561K, capacity 3262K, committed 3392K, reserved 4480K
}
Event: 64.793 GC heap before
{Heap before GC invocations=40 (full 4):
 def new generation   total 39104K, used 39104K [0x03800000, 0x06260000, 0x08d50000)
  eden space 34816K, 100% used [0x03800000, 0x05a00000, 0x05a00000)
  from space 4288K, 100% used [0x05a00000, 0x05e30000, 0x05e30000)
  to   space 4288K,   0% used [0x05e30000, 0x05e30000, 0x06260000)
 tenured generation   total 86664K, used 82602K [0x08d50000, 0x0e1f2000, 0x13800000)
   the space 86664K,  95% used [0x08d50000, 0x0ddfaa58, 0x0ddfac00, 0x0e1f2000)
 Metaspace       used 2561K, capacity 3262K, committed 3392K, reserved 4480K
Event: 65.511 GC heap after
Heap after GC invocations=41 (full 5):
 def new generation   total 66496K, used 4223K [0x03800000, 0x08020000, 0x08d50000)
  eden space 59136K,   7% used [0x03800000, 0x03c1fd10, 0x071c0000)
  from space 7360K,   0% used [0x071c0000, 0x071c0000, 0x078f0000)
  to   space 7360K,   0% used [0x078f0000, 0x078f0000, 0x08020000)
 tenured generation   total 147640K, used 88583K [0x08d50000, 0x11d7e000, 0x13800000)
   the space 147640K,  59% used [0x08d50000, 0x0e3d1fe0, 0x0e3d2000, 0x11d7e000)
 Metaspace       used 2561K, capacity 3262K, committed 3392K, reserved 4480K
}
Event: 72.393 GC heap before
{Heap before GC invocations=41 (full 5):
 def new generation   total 66496K, used 59136K [0x03800000, 0x08020000, 0x08d50000)
  eden space 59136K, 100% used [0x03800000, 0x071c0000, 0x071c0000)
  from space 7360K,   0% used [0x071c0000, 0x071c0000, 0x078f0000)
  to   space 7360K,   0% used [0x078f0000, 0x078f0000, 0x08020000)
 tenured generation   total 147640K, used 88583K [0x08d50000, 0x11d7e000, 0x13800000)
   the space 147640K,  59% used [0x08d50000, 0x0e3d1fe0, 0x0e3d2000, 0x11d7e000)
 Metaspace       used 2561K, capacity 3262K, committed 3392K, reserved 4480K
Event: 72.592 GC heap after
Heap after GC invocations=42 (full 5):
 def new generation   total 66496K, used 7360K [0x03800000, 0x08020000, 0x08d50000)
  eden space 59136K,   0% used [0x03800000, 0x03800000, 0x071c0000)
  from space 7360K, 100% used [0x078f0000, 0x08020000, 0x08020000)
  to   space 7360K,   0% used [0x071c0000, 0x071c0000, 0x078f0000)
 tenured generation   total 147640K, used 94120K [0x08d50000, 0x11d7e000, 0x13800000)
   the space 147640K,  63% used [0x08d50000, 0x0e93a258, 0x0e93a400, 0x11d7e000)
 Metaspace       used 2561K, capacity 3262K, committed 3392K, reserved 4480K
}
Event: 80.096 GC heap before
{Heap before GC invocations=42 (full 5):
 def new generation   total 66496K, used 66496K [0x03800000, 0x08020000, 0x08d50000)
  eden space 59136K, 100% used [0x03800000, 0x071c0000, 0x071c0000)
  from space 7360K, 100% used [0x078f0000, 0x08020000, 0x08020000)
  to   space 7360K,   0% used [0x071c0000, 0x071c0000, 0x078f0000)
 tenured generation   total 147640K, used 94120K [0x08d50000, 0x11d7e000, 0x13800000)
   the space 147640K,  63% used [0x08d50000, 0x0e93a258, 0x0e93a400, 0x11d7e000)
 Metaspace       used 2561K, capacity 3262K, committed 3392K, reserved 4480K
Event: 80.228 GC heap after
Heap after GC invocations=43 (full 5):
 def new generation   total 66496K, used 7360K [0x03800000, 0x08020000, 0x08d50000)
  eden space 59136K,   0% used [0x03800000, 0x03800000, 0x071c0000)
  from space 7360K, 100% used [0x071c0000, 0x078f0000, 0x078f0000)
  to   space 7360K,   0% used [0x078f0000, 0x078f0000, 0x08020000)
 tenured generation   total 147640K, used 103916K [0x08d50000, 0x11d7e000, 0x13800000)
   the space 147640K,  70% used [0x08d50000, 0x0f2cb1b8, 0x0f2cb200, 0x11d7e000)
 Metaspace       used 2561K, capacity 3262K, committed 3392K, reserved 4480K
}

