Heap:
 def new generation   total 66752K, used 61230K [0x03800000, 0x08060000, 0x08d50000)
  eden space 59392K,  90% used [0x03800000, 0x06c9ba58, 0x07200000)
  from space 7360K, 100% used [0x07930000, 0x08060000, 0x08060000)
  to   space 7360K,   0% used [0x07200000, 0x07200000, 0x07930000)
 tenured generation   total 148100K, used 114191K [0x08d50000, 0x11df1000, 0x13800000)
   the space 148100K,  77% used [0x08d50000, 0x0fcd3d18, 0x0fcd3e00, 0x11df1000)
 Metaspace       used 2563K, capacity 3262K, committed 3392K, reserved 4480K
GC Heap History (10 events):
Event: 54.484 GC heap before
{Heap before GC invocations=39 (full 4):
 def new generation   total 39360K, used 39278K [0x03800000, 0x062b0000, 0x08d50000)
  eden space 35008K,  99% used [0x03800000, 0x05a1bb40, 0x05a30000)
  from space 4352K, 100% used [0x05e70000, 0x062b0000, 0x062b0000)
  to   space 4352K,   0% used [0x05a30000, 0x05a30000, 0x05e70000)
 tenured generation   total 87324K, used 76910K [0x08d50000, 0x0e297000, 0x13800000)
   the space 87324K,  88% used [0x08d50000, 0x0d86b880, 0x0d86ba00, 0x0e297000)
 Metaspace       used 2561K, capacity 3262K, committed 3392K, reserved 4480K
Event: 54.557 GC heap after
Heap after GC invocations=40 (full 4):
 def new generation   total 39360K, used 4352K [0x03800000, 0x062b0000, 0x08d50000)
  eden space 35008K,   0% used [0x03800000, 0x03800000, 0x05a30000)
  from space 4352K, 100% used [0x05a30000, 0x05e70000, 0x05e70000)
  to   space 4352K,   0% used [0x05e70000, 0x05e70000, 0x062b0000)
 tenured generation   total 87324K, used 82711K [0x08d50000, 0x0e297000, 0x13800000)
   the space 87324K,  94% used [0x08d50000, 0x0de15c98, 0x0de15e00, 0x0e297000)
 Metaspace       used 2561K, capacity 3262K, committed 3392K, reserved 4480K
}
Event: 58.837 GC heap before
{Heap before GC invocations=40 (full 4):
 def new generation   total 39360K, used 39360K [0x03800000, 0x062b0000, 0x08d50000)
  eden space 35008K, 100% used [0x03800000, 0x05a30000, 0x05a30000)
  from space 4352K, 100% used [0x05a30000, 0x05e70000, 0x05e70000)
  to   space 4352K,   0% used [0x05e70000, 0x05e70000, 0x062b0000)
 tenured generation   total 87324K, used 82711K [0x08d50000, 0x0e297000, 0x13800000)
   the space 87324K,  94% used [0x08d50000, 0x0de15c98, 0x0de15e00, 0x0e297000)
 Metaspace       used 2561K, capacity 3262K, committed 3392K, reserved 4480K
Event: 59.430 GC heap after
Heap after GC invocations=41 (full 5):
 def new generation   total 66752K, used 4324K [0x03800000, 0x08060000, 0x08d50000)
  eden space 59392K,   7% used [0x03800000, 0x03c39288, 0x07200000)
  from space 7360K,   0% used [0x07200000, 0x07200000, 0x07930000)
  to   space 7360K,   0% used [0x07930000, 0x07930000, 0x08060000)
 tenured generation   total 148100K, used 88859K [0x08d50000, 0x11df1000, 0x13800000)
   the space 148100K,  59% used [0x08d50000, 0x0e416ff8, 0x0e417000, 0x11df1000)
 Metaspace       used 2561K, capacity 3262K, committed 3392K, reserved 4480K
}
Event: 67.962 GC heap before
{Heap before GC invocations=41 (full 5):
 def new generation   total 66752K, used 59392K [0x03800000, 0x08060000, 0x08d50000)
  eden space 59392K, 100% used [0x03800000, 0x07200000, 0x07200000)
  from space 7360K,   0% used [0x07200000, 0x07200000, 0x07930000)
  to   space 7360K,   0% used [0x07930000, 0x07930000, 0x08060000)
 tenured generation   total 148100K, used 88859K [0x08d50000, 0x11df1000, 0x13800000)
   the space 148100K,  59% used [0x08d50000, 0x0e416ff8, 0x0e417000, 0x11df1000)
 Metaspace       used 2561K, capacity 3262K, committed 3392K, reserved 4480K
Event: 68.164 GC heap after
Heap after GC invocations=42 (full 5):
 def new generation   total 66752K, used 7360K [0x03800000, 0x08060000, 0x08d50000)
  eden space 59392K,   0% used [0x03800000, 0x03800000, 0x07200000)
  from space 7360K, 100% used [0x07930000, 0x08060000, 0x08060000)
  to   space 7360K,   0% used [0x07200000, 0x07200000, 0x07930000)
 tenured generation   total 148100K, used 94441K [0x08d50000, 0x11df1000, 0x13800000)
   the space 148100K,  63% used [0x08d50000, 0x0e98a4f0, 0x0e98a600, 0x11df1000)
 Metaspace       used 2561K, capacity 3262K, committed 3392K, reserved 4480K
}
Event: 76.101 GC heap before
{Heap before GC invocations=42 (full 5):
 def new generation   total 66752K, used 66752K [0x03800000, 0x08060000, 0x08d50000)
  eden space 59392K, 100% used [0x03800000, 0x07200000, 0x07200000)
  from space 7360K, 100% used [0x07930000, 0x08060000, 0x08060000)
  to   space 7360K,   0% used [0x07200000, 0x07200000, 0x07930000)
 tenured generation   total 148100K, used 94441K [0x08d50000, 0x11df1000, 0x13800000)
   the space 148100K,  63% used [0x08d50000, 0x0e98a4f0, 0x0e98a600, 0x11df1000)
 Metaspace       used 2561K, capacity 3262K, committed 3392K, reserved 4480K
Event: 76.240 GC heap after
Heap after GC invocations=43 (full 5):
 def new generation   total 66752K, used 7360K [0x03800000, 0x08060000, 0x08d50000)
  eden space 59392K,   0% used [0x03800000, 0x03800000, 0x07200000)
  from space 7360K, 100% used [0x07200000, 0x07930000, 0x07930000)
  to   space 7360K,   0% used [0x07930000, 0x07930000, 0x08060000)
 tenured generation   total 148100K, used 104607K [0x08d50000, 0x11df1000, 0x13800000)
   the space 148100K,  70% used [0x08d50000, 0x0f377de8, 0x0f377e00, 0x11df1000)
 Metaspace       used 2561K, capacity 3262K, committed 3392K, reserved 4480K
}
Event: 83.817 GC heap before
{Heap before GC invocations=43 (full 5):
 def new generation   total 66752K, used 66752K [0x03800000, 0x08060000, 0x08d50000)
  eden space 59392K, 100% used [0x03800000, 0x07200000, 0x07200000)
  from space 7360K, 100% used [0x07200000, 0x07930000, 0x07930000)
  to   space 7360K,   0% used [0x07930000, 0x07930000, 0x08060000)
 tenured generation   total 148100K, used 104607K [0x08d50000, 0x11df1000, 0x13800000)
   the space 148100K,  70% used [0x08d50000, 0x0f377de8, 0x0f377e00, 0x11df1000)
 Metaspace       used 2561K, capacity 3262K, committed 3392K, reserved 4480K
Event: 83.937 GC heap after
Heap after GC invocations=44 (full 5):
 def new generation   total 66752K, used 7360K [0x03800000, 0x08060000, 0x08d50000)
  eden space 59392K,   0% used [0x03800000, 0x03800000, 0x07200000)
  from space 7360K, 100% used [0x07930000, 0x08060000, 0x08060000)
  to   space 7360K,   0% used [0x07200000, 0x07200000, 0x07930000)
 tenured generation   total 148100K, used 114191K [0x08d50000, 0x11df1000, 0x13800000)
   the space 148100K,  77% used [0x08d50000, 0x0fcd3d18, 0x0fcd3e00, 0x11df1000)
 Metaspace       used 2561K, capacity 3262K, committed 3392K, reserved 4480K
}

